<?xml version="1.0" encoding="UTF-8"?>
<testng-results skipped="0" failed="0" ignored="0" total="1" passed="1">
  <reporter-output>
  </reporter-output>
  <suite name="Default suite" duration-ms="58884" started-at="2020-02-09T12:51:37 IST" finished-at="2020-02-09T12:52:36 IST">
    <groups>
    </groups>
    <test name="Default test" duration-ms="58884" started-at="2020-02-09T12:51:37 IST" finished-at="2020-02-09T12:52:36 IST">
      <class name="tests.FBLoginTest">
        <test-method status="PASS" signature="initialize()[pri:0, instance:tests.FBLoginTest@1e2203c]" name="initialize" is-config="true" duration-ms="31073" started-at="2020-02-09T12:51:37 IST" finished-at="2020-02-09T12:52:08 IST">
          <reporter-output>
          </reporter-output>
        </test-method> <!-- initialize -->
        <test-method status="PASS" signature="LogInTest()[pri:0, instance:tests.FBLoginTest@1e2203c]" name="LogInTest" duration-ms="26895" started-at="2020-02-09T12:52:09 IST" finished-at="2020-02-09T12:52:36 IST">
          <reporter-output>
          </reporter-output>
        </test-method> <!-- LogInTest -->
      </class> <!-- tests.FBLoginTest -->
    </test> <!-- Default test -->
  </suite> <!-- Default suite -->
</testng-results>
